android#/app/build/intermediates/manifest_merge_blame_file/debug/manifest-merger-blame-debug-report.txt
1<?xml version="1.0" encoding="utf-8"?>
2<manifest xmlns:android="http://schemas.android.com/apk/res/android"
3    package="io.ionic.starter"
4    android:versionCode="1"
5    android:versionName="1.0" >
6
7    <uses-sdk
8        android:minSdkVersion="21"
8-->src\main\AndroidManifest.xml
9        android:targetSdkVersion="30" />
9-->src\main\AndroidManifest.xml
10
11    <uses-permission android:name="android.permission.INTERNET" />
11-->src\main\AndroidManifest.xml:14:5-67
11-->src\main\AndroidManifest.xml:14:22-64
12    <uses-permission android:name="android.permission.VIBRATE" />
12-->[:capacitor-haptics] AndroidManifest.xml:9:5-66
12-->[:capacitor-haptics] AndroidManifest.xml:9:22-63
13
14    <application
14-->src\main\AndroidManifest.xml:3:5-13:19
15        android:allowBackup="true"
15-->src\main\AndroidManifest.xml:3:18-44
16        android:appComponentFactory="androidx.core.app.CoreComponentFactory"
16-->[androidx.core:core:1.3.2] AndroidManifest.xml:24:18-86
17        android:debuggable="true"
18        android:icon="@mipmap/ic_launcher"
18-->src\main\AndroidManifest.xml:3:45-79
19        android:label="@string/app_name"
19-->src\main\AndroidManifest.xml:3:80-112
20        android:roundIcon="@mipmap/ic_launcher_round"
20-->src\main\AndroidManifest.xml:3:113-158
21        android:supportsRtl="true"
21-->src\main\AndroidManifest.xml:3:159-185
22        android:theme="@style/AppTheme"
22-->src\main\AndroidManifest.xml:3:186-217
23        android:usesCleartextTraffic="true" >
23-->src\main\AndroidManifest.xml:3:218-253
24        <activity
24-->src\main\AndroidManifest.xml:4:9-9:20
25            android:name="io.ionic.starter.MainActivity"
25-->src\main\AndroidManifest.xml:4:212-256
26            android:configChanges="orientation|keyboardHidden|keyboard|screenSize|locale|smallestScreenSize|screenLayout|uiMode"
26-->src\main\AndroidManifest.xml:4:19-135
27            android:label="@string/title_activity_main"
27-->src\main\AndroidManifest.xml:4:136-179
28            android:launchMode="singleTask"
28-->src\main\AndroidManifest.xml:4:180-211
29            android:theme="@style/AppTheme.NoActionBarLaunch" >
29-->src\main\AndroidManifest.xml:4:257-306
30            <intent-filter>
30-->src\main\AndroidManifest.xml:5:13-8:29
31                <action android:name="android.intent.action.MAIN" />
31-->src\main\AndroidManifest.xml:6:17-69
31-->src\main\AndroidManifest.xml:6:25-66
32
33                <category android:name="android.intent.category.LAUNCHER" />
33-->src\main\AndroidManifest.xml:7:17-77
33-->src\main\AndroidManifest.xml:7:27-74
34            </intent-filter>
35        </activity>
36
37        <provider
38            android:name="androidx.core.content.FileProvider"
38-->src\main\AndroidManifest.xml:10:131-180
39            android:authorities="io.ionic.starter.fileprovider"
39-->src\main\AndroidManifest.xml:10:19-70
40            android:exported="false"
40-->src\main\AndroidManifest.xml:10:71-95
41            android:grantUriPermissions="true" >
41-->src\main\AndroidManifest.xml:10:96-130
42            <meta-data
42-->src\main\AndroidManifest.xml:11:13-112
43                android:name="android.support.FILE_PROVIDER_PATHS"
43-->src\main\AndroidManifest.xml:11:24-74
44                android:resource="@xml/file_paths" />
44-->src\main\AndroidManifest.xml:11:75-109
45        </provider>
46    </application>
47
48</manifest>